<?xml version="1.0" encoding="UTF-8"?>
<testng-results ignored="0" total="1" passed="1" failed="0" skipped="0">
  <reporter-output>
  </reporter-output>
  <suite started-at="2023-07-28T09:59:54 IST" name="Default suite" finished-at="2023-07-28T10:00:05 IST" duration-ms="10619">
    <groups>
    </groups>
    <test started-at="2023-07-28T09:59:54 IST" name="Default test" finished-at="2023-07-28T10:00:05 IST" duration-ms="10619">
      <class name="testscripts.LoginTest">
        <test-method signature="tc1()[pri:0, instance:testscripts.LoginTest@2177849e]" started-at="2023-07-28T09:59:54 IST" name="tc1" finished-at="2023-07-28T10:00:05 IST" duration-ms="10552" status="PASS">
          <reporter-output>
          </reporter-output>
        </test-method> <!-- tc1 -->
      </class> <!-- testscripts.LoginTest -->
    </test> <!-- Default test -->
  </suite> <!-- Default suite -->
</testng-results>
